<?xml version="1.0" encoding="UTF-8"?>
<!-- Generated by org.testng.reporters.JUnitReportReporter -->
<testsuite skipped="0" hostname="DESKTOP-T5096OQ" name="testnewtours.testflightfinder" tests="1" failures="0" timestamp="15 Jan 2018 14:43:22 GMT" time="13.297" errors="0">
  <testcase name="flightfinder" time="13.297" classname="testnewtours.testflightfinder"/>
</testsuite> <!-- testnewtours.testflightfinder -->
