<?xml version="1.0" encoding="UTF-8"?>
<!-- Generated by org.testng.reporters.JUnitReportReporter -->
<testsuite hostname="DESKTOP-T5096OQ" name="Test.TestGuru99login" tests="5" failures="0" timestamp="14 May 2018 07:11:58 GMT" time="0.165" errors="0">
  <testcase name="test_home_page_appear_correct" time="0.018" classname="Test.TestGuru99login"/>
  <testcase name="test_home_page_appear_correct" time="0.099" classname="Test.TestGuru99login"/>
  <testcase name="Test" time="0.005" classname="Test.TestGuru99login"/>
  <testcase name="test_home_page_appear_correct" time="0.021" classname="Test.TestGuru99login"/>
  <testcase name="test_home_page_appear_correct" time="0.022" classname="Test.TestGuru99login"/>
</testsuite> <!-- Test.TestGuru99login -->
