<?xml version="1.0" encoding="UTF-8"?>
<!-- Generated by org.testng.reporters.JUnitReportReporter -->
<testsuite skipped="0" hostname="DESKTOP-T5096OQ" name="demo.Testconfig" tests="1" failures="0" timestamp="12 Jan 2018 07:07:03 GMT" time="25.595" errors="0">
  <testcase name="testchrome" time="25.595" classname="demo.Testconfig"/>
</testsuite> <!-- demo.Testconfig -->
