<?xml version="1.0" encoding="UTF-8"?>
<!-- Generated by org.testng.reporters.JUnitReportReporter -->
<testsuite skipped="0" hostname="DESKTOP-T5096OQ" name="SelelniumGridPrac.SeleniumGridPrac1" tests="3" failures="0" timestamp="13 Jan 2018 07:58:30 GMT" time="0.006" errors="0">
  <testcase name="Test3" time="0.003" classname="SelelniumGridPrac.SeleniumGridPrac1"/>
  <testcase name="Test4" time="0.001" classname="SelelniumGridPrac.SeleniumGridPrac1"/>
  <testcase name="Test2" time="0.002" classname="SelelniumGridPrac.SeleniumGridPrac1"/>
</testsuite> <!-- SelelniumGridPrac.SeleniumGridPrac1 -->
