<?xml version="1.0" encoding="UTF-8"?>
<!-- Generated by org.testng.reporters.JUnitReportReporter -->
<testsuite skipped="0" hostname="DESKTOP-T5096OQ" name="Grid.SeleniumGrid1" tests="1" failures="0" timestamp="07 Jan 2018 12:46:18 GMT" time="10.144" errors="0">
  <testcase name="Test2" time="10.144" classname="Grid.SeleniumGrid1"/>
</testsuite> <!-- Grid.SeleniumGrid1 -->
