<?xml version="1.0" encoding="UTF-8"?>
<!-- Generated by org.testng.reporters.JUnitReportReporter -->
<testsuite skipped="0" hostname="DESKTOP-T5096OQ" name="Grid.SeleniumGrid" tests="1" failures="0" timestamp="07 Jan 2018 12:46:18 GMT" time="7.910" errors="0">
  <testcase name="Test1" time="7.910" classname="Grid.SeleniumGrid"/>
</testsuite> <!-- Grid.SeleniumGrid -->
