<?xml version="1.0" encoding="UTF-8"?>
<!-- Generated by org.testng.reporters.JUnitReportReporter -->
<testsuite skipped="0" hostname="DESKTOP-T5096OQ" name="TestNG.Tcase1" tests="2" failures="0" timestamp="07 Jan 2018 18:35:53 GMT" time="0.009" errors="0">
  <testcase name="Test1" time="0.006" classname="TestNG.Tcase1"/>
  <testcase name="Test2" time="0.003" classname="TestNG.Tcase1"/>
</testsuite> <!-- TestNG.Tcase1 -->
