<?xml version="1.0" encoding="UTF-8"?>
<!-- Generated by org.testng.reporters.JUnitReportReporter -->
<testsuite skipped="0" hostname="DESKTOP-T5096OQ" name="TestNG.Day4" tests="3" failures="0" timestamp="02 Jul 2018 14:13:49 GMT" time="0.009" errors="0">
  <testcase name="loginAPIHomeloan" time="0.003" classname="TestNG.Day4"/>
  <testcase name="WebloginHomeloan" time="0.005" classname="TestNG.Day4"/>
  <testcase name="mobileloginHomeloan" time="0.001" classname="TestNG.Day4"/>
</testsuite> <!-- TestNG.Day4 -->
