<?xml version="1.0" encoding="UTF-8"?>
<!-- Generated by org.testng.reporters.JUnitReportReporter -->
<testsuite skipped="0" hostname="DESKTOP-T5096OQ" name="TestNG.Day1" tests="1" failures="0" timestamp="25 Jul 2018 14:05:10 GMT" time="0.006" errors="0">
  <testcase name="Demo" time="0.006" classname="TestNG.Day1"/>
</testsuite> <!-- TestNG.Day1 -->
