<?xml version="1.0" encoding="UTF-8"?>
<!-- Generated by org.testng.reporters.JUnitReportReporter -->
<testsuite skipped="0" hostname="DESKTOP-T5096OQ" name="TestNG.Day3" tests="4" failures="0" timestamp="25 Jul 2018 14:05:10 GMT" time="0.006" errors="0">
  <testcase name="loginAPIcgetdataarloan" time="0.001" classname="TestNG.Day3"/>
  <testcase name="loginAPIcgetdataarloan" time="0.001" classname="TestNG.Day3"/>
  <testcase name="loginAPIcgetdataarloan" time="0.002" classname="TestNG.Day3"/>
  <testcase name="WebloginCarloan" time="0.002" classname="TestNG.Day3"/>
</testsuite> <!-- TestNG.Day3 -->
